<?xml version="1.0" encoding="UTF-8"?>
<testsuite xmlns:xsi="http://www.w3.org/2001/XMLSchema-instance" xsi:noNamespaceSchemaLocation="https://maven.apache.org/surefire/maven-surefire-plugin/xsd/surefire-test-report.xsd" name="TestSuite" time="315.355" tests="14" errors="0" skipped="0" failures="13">
  <properties>
    <property name="java.specification.version" value="19"/>
    <property name="sun.jnu.encoding" value="UTF-8"/>
    <property name="java.class.path" value="/Applications/Eclipse.app/Contents/Eclipse/plugins/org.eclipse.m2e.maven.runtime_3.8.601.20220820-1147/jars/plexus-classworlds-2.6.0.jar"/>
    <property name="java.vm.vendor" value="Oracle Corporation"/>
    <property name="sun.arch.data.model" value="64"/>
    <property name="java.vendor.url" value="https://java.oracle.com/"/>
    <property name="user.timezone" value="Asia/Kolkata"/>
    <property name="java.vm.specification.version" value="19"/>
    <property name="os.name" value="Mac OS X"/>
    <property name="sun.java.launcher" value="SUN_STANDARD"/>
    <property name="user.country" value="IN"/>
    <property name="sun.boot.library.path" value="/Library/Java/JavaVirtualMachines/jdk-19.jdk/Contents/Home/lib"/>
    <property name="sun.java.command" value="org.codehaus.plexus.classworlds.launcher.Launcher -B -Dstyle.color=always install"/>
    <property name="http.nonProxyHosts" value="dns.google|*.dns.google|one.one.one.one|*.one.one.one.one"/>
    <property name="jdk.debug" value="release"/>
    <property name="maven.home" value="/Users/swati.ranjan/GitHub/bdo-retail-app-web-jo/BDO_Web_Automation_Test/EMBEDDED"/>
    <property name="sun.cpu.endian" value="little"/>
    <property name="user.home" value="/Users/swati.ranjan"/>
    <property name="user.language" value="en"/>
    <property name="java.specification.vendor" value="Oracle Corporation"/>
    <property name="jansi.mode" value="force"/>
    <property name="java.version.date" value="2022-09-20"/>
    <property name="java.home" value="/Library/Java/JavaVirtualMachines/jdk-19.jdk/Contents/Home"/>
    <property name="file.separator" value="/"/>
    <property name="style.color" value="always"/>
    <property name="java.vm.compressedOopsMode" value="Zero based"/>
    <property name="line.separator" value="&#10;"/>
    <property name="java.vm.specification.vendor" value="Oracle Corporation"/>
    <property name="java.specification.name" value="Java Platform API Specification"/>
    <property name="apple.awt.application.name" value="Launcher"/>
    <property name="sun.management.compiler" value="HotSpot 64-Bit Tiered Compilers"/>
    <property name="ftp.nonProxyHosts" value="dns.google|*.dns.google|one.one.one.one|*.one.one.one.one"/>
    <property name="java.runtime.version" value="19+36-2238"/>
    <property name="user.name" value="swati.ranjan"/>
    <property name="stdout.encoding" value="UTF-8"/>
    <property name="path.separator" value=":"/>
    <property name="os.version" value="13.1"/>
    <property name="java.runtime.name" value="Java(TM) SE Runtime Environment"/>
    <property name="file.encoding" value="UTF-8"/>
    <property name="guice.disable.misplaced.annotation.check" value="true"/>
    <property name="java.vm.name" value="Java HotSpot(TM) 64-Bit Server VM"/>
    <property name="java.vendor.url.bug" value="https://bugreport.java.com/bugreport/"/>
    <property name="java.io.tmpdir" value="/var/folders/70/x874lf6n7cx_4tkvkkcwsmhh0000gr/T/"/>
    <property name="java.version" value="19"/>
    <property name="user.dir" value="/Users/swati.ranjan/GitHub/bdo-retail-app-web-jo/BDO_Web_Automation_Test"/>
    <property name="os.arch" value="x86_64"/>
    <property name="maven.multiModuleProjectDirectory" value="/Users/swati.ranjan/GitHub/bdo-retail-app-web-jo/BDO_Web_Automation_Test"/>
    <property name="java.vm.specification.name" value="Java Virtual Machine Specification"/>
    <property name="native.encoding" value="UTF-8"/>
    <property name="java.library.path" value="/Users/swati.ranjan/Library/Java/Extensions:/Library/Java/Extensions:/Network/Library/Java/Extensions:/System/Library/Java/Extensions:/usr/lib/java:."/>
    <property name="java.vm.info" value="mixed mode, sharing"/>
    <property name="stderr.encoding" value="UTF-8"/>
    <property name="java.vendor" value="Oracle Corporation"/>
    <property name="java.vm.version" value="19+36-2238"/>
    <property name="classworlds.conf" value="/Users/swati.ranjan/eclipse-workspace/.metadata/.plugins/org.eclipse.m2e.launching/launches/m2conf3573649130008454134.tmp"/>
    <property name="sun.io.unicode.encoding" value="UnicodeBig"/>
    <property name="socksNonProxyHosts" value="dns.google|*.dns.google|one.one.one.one|*.one.one.one.one"/>
    <property name="java.class.version" value="63.0"/>
  </properties>
  <testcase name="ValidateHomePageElements" classname="com.qa.BDO.Test.BDO_Home_Testcases" time="30.153">
    <failure message="Error {&#10;  message=&apos;Timeout 30000ms exceeded.&#10;=========================== logs ===========================&#10;waiting for locator(&quot;xpath=(//div[@class=&apos;bb-stack__item identity-logo bb-block bb-block--lg&apos;])[1]&quot;)&#10;============================================================&#10;  name=&apos;TimeoutError&#10;  stack=&apos;TimeoutError: Timeout 30000ms exceeded.&#10;=========================== logs ===========================&#10;waiting for locator(&quot;xpath=(//div[@class=&apos;bb-stack__item identity-logo bb-block bb-block--lg&apos;])[1]&quot;)&#10;============================================================&#10;    at ProgressController.run (/private/var/folders/70/x874lf6n7cx_4tkvkkcwsmhh0000gr/T/playwright-java-12462135675554687972/package/lib/server/progress.js:88:26)&#10;    at Frame._scheduleRerunnableTask (/private/var/folders/70/x874lf6n7cx_4tkvkkcwsmhh0000gr/T/playwright-java-12462135675554687972/package/lib/server/frames.js:1282:23)&#10;    at Frame._elementState (/private/var/folders/70/x874lf6n7cx_4tkvkkcwsmhh0000gr/T/playwright-java-12462135675554687972/package/lib/server/frames.js:1053:31)&#10;    at Frame.isEnabled (/private/var/folders/70/x874lf6n7cx_4tkvkkcwsmhh0000gr/T/playwright-java-12462135675554687972/package/lib/server/frames.js:1089:17)&#10;    at FrameDispatcher.isEnabled (/private/var/folders/70/x874lf6n7cx_4tkvkkcwsmhh0000gr/T/playwright-java-12462135675554687972/package/lib/server/dispatchers/frameDispatcher.js:211:32)&#10;    at DispatcherConnection.dispatch (/private/var/folders/70/x874lf6n7cx_4tkvkkcwsmhh0000gr/T/playwright-java-12462135675554687972/package/lib/server/dispatchers/dispatcher.js:317:46)&#10;}" type="com.microsoft.playwright.TimeoutError">com.microsoft.playwright.TimeoutError: 
Error {
  message='Timeout 30000ms exceeded.
=========================== logs ===========================
waiting for locator("xpath=(//div[@class='bb-stack__item identity-logo bb-block bb-block--lg'])[1]")
============================================================
  name='TimeoutError
  stack='TimeoutError: Timeout 30000ms exceeded.
=========================== logs ===========================
waiting for locator("xpath=(//div[@class='bb-stack__item identity-logo bb-block bb-block--lg'])[1]")
============================================================
    at ProgressController.run (/private/var/folders/70/x874lf6n7cx_4tkvkkcwsmhh0000gr/T/playwright-java-12462135675554687972/package/lib/server/progress.js:88:26)
    at Frame._scheduleRerunnableTask (/private/var/folders/70/x874lf6n7cx_4tkvkkcwsmhh0000gr/T/playwright-java-12462135675554687972/package/lib/server/frames.js:1282:23)
    at Frame._elementState (/private/var/folders/70/x874lf6n7cx_4tkvkkcwsmhh0000gr/T/playwright-java-12462135675554687972/package/lib/server/frames.js:1053:31)
    at Frame.isEnabled (/private/var/folders/70/x874lf6n7cx_4tkvkkcwsmhh0000gr/T/playwright-java-12462135675554687972/package/lib/server/frames.js:1089:17)
    at FrameDispatcher.isEnabled (/private/var/folders/70/x874lf6n7cx_4tkvkkcwsmhh0000gr/T/playwright-java-12462135675554687972/package/lib/server/dispatchers/frameDispatcher.js:211:32)
    at DispatcherConnection.dispatch (/private/var/folders/70/x874lf6n7cx_4tkvkkcwsmhh0000gr/T/playwright-java-12462135675554687972/package/lib/server/dispatchers/dispatcher.js:317:46)
}
	at com.qa.BDO.Test.BDO_Home_Testcases.ValidateHomePageElements(BDO_Home_Testcases.java:20)
Caused by: com.microsoft.playwright.TimeoutError: 
Error {
  message='Timeout 30000ms exceeded.
=========================== logs ===========================
waiting for locator("xpath=(//div[@class='bb-stack__item identity-logo bb-block bb-block--lg'])[1]")
============================================================
  name='TimeoutError
  stack='TimeoutError: Timeout 30000ms exceeded.
=========================== logs ===========================
waiting for locator("xpath=(//div[@class='bb-stack__item identity-logo bb-block bb-block--lg'])[1]")
============================================================
    at ProgressController.run (/private/var/folders/70/x874lf6n7cx_4tkvkkcwsmhh0000gr/T/playwright-java-12462135675554687972/package/lib/server/progress.js:88:26)
    at Frame._scheduleRerunnableTask (/private/var/folders/70/x874lf6n7cx_4tkvkkcwsmhh0000gr/T/playwright-java-12462135675554687972/package/lib/server/frames.js:1282:23)
    at Frame._elementState (/private/var/folders/70/x874lf6n7cx_4tkvkkcwsmhh0000gr/T/playwright-java-12462135675554687972/package/lib/server/frames.js:1053:31)
    at Frame.isEnabled (/private/var/folders/70/x874lf6n7cx_4tkvkkcwsmhh0000gr/T/playwright-java-12462135675554687972/package/lib/server/frames.js:1089:17)
    at FrameDispatcher.isEnabled (/private/var/folders/70/x874lf6n7cx_4tkvkkcwsmhh0000gr/T/playwright-java-12462135675554687972/package/lib/server/dispatchers/frameDispatcher.js:211:32)
    at DispatcherConnection.dispatch (/private/var/folders/70/x874lf6n7cx_4tkvkkcwsmhh0000gr/T/playwright-java-12462135675554687972/package/lib/server/dispatchers/dispatcher.js:317:46)
}
	at com.qa.BDO.Test.BDO_Home_Testcases.ValidateHomePageElements(BDO_Home_Testcases.java:20)
</failure>
    <system-out><![CDATA[...
... TestNG 7.6.1 by Cédric Beust (cedric@beust.com)
...

The browser name is:headless
]]></system-out>
    <system-err><![CDATA[SLF4J: Failed to load class "org.slf4j.impl.StaticLoggerBinder".
SLF4J: Defaulting to no-operation (NOP) logger implementation
SLF4J: See http://www.slf4j.org/codes.html#StaticLoggerBinder for further details.
]]></system-err>
  </testcase>
  <testcase name="VerifyLoginCredentials" classname="com.qa.BDO.Test.BDO_Login_Testcases" time="30.013">
    <failure message="Error {&#10;  message=&apos;Timeout 30000ms exceeded.&#10;=========================== logs ===========================&#10;waiting for locator(&quot;input#username&quot;)&#10;============================================================&#10;  name=&apos;TimeoutError&#10;  stack=&apos;TimeoutError: Timeout 30000ms exceeded.&#10;=========================== logs ===========================&#10;waiting for locator(&quot;input#username&quot;)&#10;============================================================&#10;    at ProgressController.run (/private/var/folders/70/x874lf6n7cx_4tkvkkcwsmhh0000gr/T/playwright-java-12462135675554687972/package/lib/server/progress.js:88:26)&#10;    at Frame.fill (/private/var/folders/70/x874lf6n7cx_4tkvkkcwsmhh0000gr/T/playwright-java-12462135675554687972/package/lib/server/frames.js:988:23)&#10;    at FrameDispatcher.fill (/private/var/folders/70/x874lf6n7cx_4tkvkkcwsmhh0000gr/T/playwright-java-12462135675554687972/package/lib/server/dispatchers/frameDispatcher.js:158:30)&#10;    at DispatcherConnection.dispatch (/private/var/folders/70/x874lf6n7cx_4tkvkkcwsmhh0000gr/T/playwright-java-12462135675554687972/package/lib/server/dispatchers/dispatcher.js:317:46)&#10;}" type="com.microsoft.playwright.TimeoutError">com.microsoft.playwright.TimeoutError: 
Error {
  message='Timeout 30000ms exceeded.
=========================== logs ===========================
waiting for locator("input#username")
============================================================
  name='TimeoutError
  stack='TimeoutError: Timeout 30000ms exceeded.
=========================== logs ===========================
waiting for locator("input#username")
============================================================
    at ProgressController.run (/private/var/folders/70/x874lf6n7cx_4tkvkkcwsmhh0000gr/T/playwright-java-12462135675554687972/package/lib/server/progress.js:88:26)
    at Frame.fill (/private/var/folders/70/x874lf6n7cx_4tkvkkcwsmhh0000gr/T/playwright-java-12462135675554687972/package/lib/server/frames.js:988:23)
    at FrameDispatcher.fill (/private/var/folders/70/x874lf6n7cx_4tkvkkcwsmhh0000gr/T/playwright-java-12462135675554687972/package/lib/server/dispatchers/frameDispatcher.js:158:30)
    at DispatcherConnection.dispatch (/private/var/folders/70/x874lf6n7cx_4tkvkkcwsmhh0000gr/T/playwright-java-12462135675554687972/package/lib/server/dispatchers/dispatcher.js:317:46)
}
	at com.qa.BDO.Test.BDO_Login_Testcases.VerifyLoginCredentials(BDO_Login_Testcases.java:34)
Caused by: com.microsoft.playwright.TimeoutError: 
Error {
  message='Timeout 30000ms exceeded.
=========================== logs ===========================
waiting for locator("input#username")
============================================================
  name='TimeoutError
  stack='TimeoutError: Timeout 30000ms exceeded.
=========================== logs ===========================
waiting for locator("input#username")
============================================================
    at ProgressController.run (/private/var/folders/70/x874lf6n7cx_4tkvkkcwsmhh0000gr/T/playwright-java-12462135675554687972/package/lib/server/progress.js:88:26)
    at Frame.fill (/private/var/folders/70/x874lf6n7cx_4tkvkkcwsmhh0000gr/T/playwright-java-12462135675554687972/package/lib/server/frames.js:988:23)
    at FrameDispatcher.fill (/private/var/folders/70/x874lf6n7cx_4tkvkkcwsmhh0000gr/T/playwright-java-12462135675554687972/package/lib/server/dispatchers/frameDispatcher.js:158:30)
    at DispatcherConnection.dispatch (/private/var/folders/70/x874lf6n7cx_4tkvkkcwsmhh0000gr/T/playwright-java-12462135675554687972/package/lib/server/dispatchers/dispatcher.js:317:46)
}
	at com.qa.BDO.Test.BDO_Login_Testcases.VerifyLoginCredentials(BDO_Login_Testcases.java:34)
</failure>
    <system-out><![CDATA[The browser name is:headless
]]></system-out>
  </testcase>
  <testcase name="VerifyLoginCredentials" classname="com.qa.BDO.Test.BDO_Login_Testcases" time="30.02">
    <failure message="Error {&#10;  message=&apos;Timeout 30000ms exceeded.&#10;=========================== logs ===========================&#10;waiting for locator(&quot;input#username&quot;)&#10;============================================================&#10;  name=&apos;TimeoutError&#10;  stack=&apos;TimeoutError: Timeout 30000ms exceeded.&#10;=========================== logs ===========================&#10;waiting for locator(&quot;input#username&quot;)&#10;============================================================&#10;    at ProgressController.run (/private/var/folders/70/x874lf6n7cx_4tkvkkcwsmhh0000gr/T/playwright-java-12462135675554687972/package/lib/server/progress.js:88:26)&#10;    at Frame.fill (/private/var/folders/70/x874lf6n7cx_4tkvkkcwsmhh0000gr/T/playwright-java-12462135675554687972/package/lib/server/frames.js:988:23)&#10;    at FrameDispatcher.fill (/private/var/folders/70/x874lf6n7cx_4tkvkkcwsmhh0000gr/T/playwright-java-12462135675554687972/package/lib/server/dispatchers/frameDispatcher.js:158:30)&#10;    at DispatcherConnection.dispatch (/private/var/folders/70/x874lf6n7cx_4tkvkkcwsmhh0000gr/T/playwright-java-12462135675554687972/package/lib/server/dispatchers/dispatcher.js:317:46)&#10;}" type="com.microsoft.playwright.TimeoutError">com.microsoft.playwright.TimeoutError: 
Error {
  message='Timeout 30000ms exceeded.
=========================== logs ===========================
waiting for locator("input#username")
============================================================
  name='TimeoutError
  stack='TimeoutError: Timeout 30000ms exceeded.
=========================== logs ===========================
waiting for locator("input#username")
============================================================
    at ProgressController.run (/private/var/folders/70/x874lf6n7cx_4tkvkkcwsmhh0000gr/T/playwright-java-12462135675554687972/package/lib/server/progress.js:88:26)
    at Frame.fill (/private/var/folders/70/x874lf6n7cx_4tkvkkcwsmhh0000gr/T/playwright-java-12462135675554687972/package/lib/server/frames.js:988:23)
    at FrameDispatcher.fill (/private/var/folders/70/x874lf6n7cx_4tkvkkcwsmhh0000gr/T/playwright-java-12462135675554687972/package/lib/server/dispatchers/frameDispatcher.js:158:30)
    at DispatcherConnection.dispatch (/private/var/folders/70/x874lf6n7cx_4tkvkkcwsmhh0000gr/T/playwright-java-12462135675554687972/package/lib/server/dispatchers/dispatcher.js:317:46)
}
	at com.qa.BDO.Test.BDO_Login_Testcases.VerifyLoginCredentials(BDO_Login_Testcases.java:34)
Caused by: com.microsoft.playwright.TimeoutError: 
Error {
  message='Timeout 30000ms exceeded.
=========================== logs ===========================
waiting for locator("input#username")
============================================================
  name='TimeoutError
  stack='TimeoutError: Timeout 30000ms exceeded.
=========================== logs ===========================
waiting for locator("input#username")
============================================================
    at ProgressController.run (/private/var/folders/70/x874lf6n7cx_4tkvkkcwsmhh0000gr/T/playwright-java-12462135675554687972/package/lib/server/progress.js:88:26)
    at Frame.fill (/private/var/folders/70/x874lf6n7cx_4tkvkkcwsmhh0000gr/T/playwright-java-12462135675554687972/package/lib/server/frames.js:988:23)
    at FrameDispatcher.fill (/private/var/folders/70/x874lf6n7cx_4tkvkkcwsmhh0000gr/T/playwright-java-12462135675554687972/package/lib/server/dispatchers/frameDispatcher.js:158:30)
    at DispatcherConnection.dispatch (/private/var/folders/70/x874lf6n7cx_4tkvkkcwsmhh0000gr/T/playwright-java-12462135675554687972/package/lib/server/dispatchers/dispatcher.js:317:46)
}
	at com.qa.BDO.Test.BDO_Login_Testcases.VerifyLoginCredentials(BDO_Login_Testcases.java:34)
</failure>
  </testcase>
  <testcase name="VerifyLoginCredentials" classname="com.qa.BDO.Test.BDO_Login_Testcases" time="30.02">
    <failure message="Error {&#10;  message=&apos;Timeout 30000ms exceeded.&#10;=========================== logs ===========================&#10;waiting for locator(&quot;input#username&quot;)&#10;============================================================&#10;  name=&apos;TimeoutError&#10;  stack=&apos;TimeoutError: Timeout 30000ms exceeded.&#10;=========================== logs ===========================&#10;waiting for locator(&quot;input#username&quot;)&#10;============================================================&#10;    at ProgressController.run (/private/var/folders/70/x874lf6n7cx_4tkvkkcwsmhh0000gr/T/playwright-java-12462135675554687972/package/lib/server/progress.js:88:26)&#10;    at Frame.fill (/private/var/folders/70/x874lf6n7cx_4tkvkkcwsmhh0000gr/T/playwright-java-12462135675554687972/package/lib/server/frames.js:988:23)&#10;    at FrameDispatcher.fill (/private/var/folders/70/x874lf6n7cx_4tkvkkcwsmhh0000gr/T/playwright-java-12462135675554687972/package/lib/server/dispatchers/frameDispatcher.js:158:30)&#10;    at DispatcherConnection.dispatch (/private/var/folders/70/x874lf6n7cx_4tkvkkcwsmhh0000gr/T/playwright-java-12462135675554687972/package/lib/server/dispatchers/dispatcher.js:317:46)&#10;}" type="com.microsoft.playwright.TimeoutError">com.microsoft.playwright.TimeoutError: 
Error {
  message='Timeout 30000ms exceeded.
=========================== logs ===========================
waiting for locator("input#username")
============================================================
  name='TimeoutError
  stack='TimeoutError: Timeout 30000ms exceeded.
=========================== logs ===========================
waiting for locator("input#username")
============================================================
    at ProgressController.run (/private/var/folders/70/x874lf6n7cx_4tkvkkcwsmhh0000gr/T/playwright-java-12462135675554687972/package/lib/server/progress.js:88:26)
    at Frame.fill (/private/var/folders/70/x874lf6n7cx_4tkvkkcwsmhh0000gr/T/playwright-java-12462135675554687972/package/lib/server/frames.js:988:23)
    at FrameDispatcher.fill (/private/var/folders/70/x874lf6n7cx_4tkvkkcwsmhh0000gr/T/playwright-java-12462135675554687972/package/lib/server/dispatchers/frameDispatcher.js:158:30)
    at DispatcherConnection.dispatch (/private/var/folders/70/x874lf6n7cx_4tkvkkcwsmhh0000gr/T/playwright-java-12462135675554687972/package/lib/server/dispatchers/dispatcher.js:317:46)
}
	at com.qa.BDO.Test.BDO_Login_Testcases.VerifyLoginCredentials(BDO_Login_Testcases.java:34)
Caused by: com.microsoft.playwright.TimeoutError: 
Error {
  message='Timeout 30000ms exceeded.
=========================== logs ===========================
waiting for locator("input#username")
============================================================
  name='TimeoutError
  stack='TimeoutError: Timeout 30000ms exceeded.
=========================== logs ===========================
waiting for locator("input#username")
============================================================
    at ProgressController.run (/private/var/folders/70/x874lf6n7cx_4tkvkkcwsmhh0000gr/T/playwright-java-12462135675554687972/package/lib/server/progress.js:88:26)
    at Frame.fill (/private/var/folders/70/x874lf6n7cx_4tkvkkcwsmhh0000gr/T/playwright-java-12462135675554687972/package/lib/server/frames.js:988:23)
    at FrameDispatcher.fill (/private/var/folders/70/x874lf6n7cx_4tkvkkcwsmhh0000gr/T/playwright-java-12462135675554687972/package/lib/server/dispatchers/frameDispatcher.js:158:30)
    at DispatcherConnection.dispatch (/private/var/folders/70/x874lf6n7cx_4tkvkkcwsmhh0000gr/T/playwright-java-12462135675554687972/package/lib/server/dispatchers/dispatcher.js:317:46)
}
	at com.qa.BDO.Test.BDO_Login_Testcases.VerifyLoginCredentials(BDO_Login_Testcases.java:34)
</failure>
  </testcase>
  <testcase name="VerifyLoginCredentials" classname="com.qa.BDO.Test.BDO_Login_Testcases" time="30.01">
    <failure message="Error {&#10;  message=&apos;Timeout 30000ms exceeded.&#10;=========================== logs ===========================&#10;waiting for locator(&quot;input#username&quot;)&#10;============================================================&#10;  name=&apos;TimeoutError&#10;  stack=&apos;TimeoutError: Timeout 30000ms exceeded.&#10;=========================== logs ===========================&#10;waiting for locator(&quot;input#username&quot;)&#10;============================================================&#10;    at ProgressController.run (/private/var/folders/70/x874lf6n7cx_4tkvkkcwsmhh0000gr/T/playwright-java-12462135675554687972/package/lib/server/progress.js:88:26)&#10;    at Frame.fill (/private/var/folders/70/x874lf6n7cx_4tkvkkcwsmhh0000gr/T/playwright-java-12462135675554687972/package/lib/server/frames.js:988:23)&#10;    at FrameDispatcher.fill (/private/var/folders/70/x874lf6n7cx_4tkvkkcwsmhh0000gr/T/playwright-java-12462135675554687972/package/lib/server/dispatchers/frameDispatcher.js:158:30)&#10;    at DispatcherConnection.dispatch (/private/var/folders/70/x874lf6n7cx_4tkvkkcwsmhh0000gr/T/playwright-java-12462135675554687972/package/lib/server/dispatchers/dispatcher.js:317:46)&#10;}" type="com.microsoft.playwright.TimeoutError">com.microsoft.playwright.TimeoutError: 
Error {
  message='Timeout 30000ms exceeded.
=========================== logs ===========================
waiting for locator("input#username")
============================================================
  name='TimeoutError
  stack='TimeoutError: Timeout 30000ms exceeded.
=========================== logs ===========================
waiting for locator("input#username")
============================================================
    at ProgressController.run (/private/var/folders/70/x874lf6n7cx_4tkvkkcwsmhh0000gr/T/playwright-java-12462135675554687972/package/lib/server/progress.js:88:26)
    at Frame.fill (/private/var/folders/70/x874lf6n7cx_4tkvkkcwsmhh0000gr/T/playwright-java-12462135675554687972/package/lib/server/frames.js:988:23)
    at FrameDispatcher.fill (/private/var/folders/70/x874lf6n7cx_4tkvkkcwsmhh0000gr/T/playwright-java-12462135675554687972/package/lib/server/dispatchers/frameDispatcher.js:158:30)
    at DispatcherConnection.dispatch (/private/var/folders/70/x874lf6n7cx_4tkvkkcwsmhh0000gr/T/playwright-java-12462135675554687972/package/lib/server/dispatchers/dispatcher.js:317:46)
}
	at com.qa.BDO.Test.BDO_Login_Testcases.VerifyLoginCredentials(BDO_Login_Testcases.java:34)
Caused by: com.microsoft.playwright.TimeoutError: 
Error {
  message='Timeout 30000ms exceeded.
=========================== logs ===========================
waiting for locator("input#username")
============================================================
  name='TimeoutError
  stack='TimeoutError: Timeout 30000ms exceeded.
=========================== logs ===========================
waiting for locator("input#username")
============================================================
    at ProgressController.run (/private/var/folders/70/x874lf6n7cx_4tkvkkcwsmhh0000gr/T/playwright-java-12462135675554687972/package/lib/server/progress.js:88:26)
    at Frame.fill (/private/var/folders/70/x874lf6n7cx_4tkvkkcwsmhh0000gr/T/playwright-java-12462135675554687972/package/lib/server/frames.js:988:23)
    at FrameDispatcher.fill (/private/var/folders/70/x874lf6n7cx_4tkvkkcwsmhh0000gr/T/playwright-java-12462135675554687972/package/lib/server/dispatchers/frameDispatcher.js:158:30)
    at DispatcherConnection.dispatch (/private/var/folders/70/x874lf6n7cx_4tkvkkcwsmhh0000gr/T/playwright-java-12462135675554687972/package/lib/server/dispatchers/dispatcher.js:317:46)
}
	at com.qa.BDO.Test.BDO_Login_Testcases.VerifyLoginCredentials(BDO_Login_Testcases.java:34)
</failure>
  </testcase>
  <testcase name="VerifyLoginCredentials" classname="com.qa.BDO.Test.BDO_Login_Testcases" time="30.009">
    <failure message="Error {&#10;  message=&apos;Timeout 30000ms exceeded.&#10;=========================== logs ===========================&#10;waiting for locator(&quot;input#username&quot;)&#10;============================================================&#10;  name=&apos;TimeoutError&#10;  stack=&apos;TimeoutError: Timeout 30000ms exceeded.&#10;=========================== logs ===========================&#10;waiting for locator(&quot;input#username&quot;)&#10;============================================================&#10;    at ProgressController.run (/private/var/folders/70/x874lf6n7cx_4tkvkkcwsmhh0000gr/T/playwright-java-12462135675554687972/package/lib/server/progress.js:88:26)&#10;    at Frame.fill (/private/var/folders/70/x874lf6n7cx_4tkvkkcwsmhh0000gr/T/playwright-java-12462135675554687972/package/lib/server/frames.js:988:23)&#10;    at FrameDispatcher.fill (/private/var/folders/70/x874lf6n7cx_4tkvkkcwsmhh0000gr/T/playwright-java-12462135675554687972/package/lib/server/dispatchers/frameDispatcher.js:158:30)&#10;    at DispatcherConnection.dispatch (/private/var/folders/70/x874lf6n7cx_4tkvkkcwsmhh0000gr/T/playwright-java-12462135675554687972/package/lib/server/dispatchers/dispatcher.js:317:46)&#10;}" type="com.microsoft.playwright.TimeoutError">com.microsoft.playwright.TimeoutError: 
Error {
  message='Timeout 30000ms exceeded.
=========================== logs ===========================
waiting for locator("input#username")
============================================================
  name='TimeoutError
  stack='TimeoutError: Timeout 30000ms exceeded.
=========================== logs ===========================
waiting for locator("input#username")
============================================================
    at ProgressController.run (/private/var/folders/70/x874lf6n7cx_4tkvkkcwsmhh0000gr/T/playwright-java-12462135675554687972/package/lib/server/progress.js:88:26)
    at Frame.fill (/private/var/folders/70/x874lf6n7cx_4tkvkkcwsmhh0000gr/T/playwright-java-12462135675554687972/package/lib/server/frames.js:988:23)
    at FrameDispatcher.fill (/private/var/folders/70/x874lf6n7cx_4tkvkkcwsmhh0000gr/T/playwright-java-12462135675554687972/package/lib/server/dispatchers/frameDispatcher.js:158:30)
    at DispatcherConnection.dispatch (/private/var/folders/70/x874lf6n7cx_4tkvkkcwsmhh0000gr/T/playwright-java-12462135675554687972/package/lib/server/dispatchers/dispatcher.js:317:46)
}
	at com.qa.BDO.Test.BDO_Login_Testcases.VerifyLoginCredentials(BDO_Login_Testcases.java:34)
Caused by: com.microsoft.playwright.TimeoutError: 
Error {
  message='Timeout 30000ms exceeded.
=========================== logs ===========================
waiting for locator("input#username")
============================================================
  name='TimeoutError
  stack='TimeoutError: Timeout 30000ms exceeded.
=========================== logs ===========================
waiting for locator("input#username")
============================================================
    at ProgressController.run (/private/var/folders/70/x874lf6n7cx_4tkvkkcwsmhh0000gr/T/playwright-java-12462135675554687972/package/lib/server/progress.js:88:26)
    at Frame.fill (/private/var/folders/70/x874lf6n7cx_4tkvkkcwsmhh0000gr/T/playwright-java-12462135675554687972/package/lib/server/frames.js:988:23)
    at FrameDispatcher.fill (/private/var/folders/70/x874lf6n7cx_4tkvkkcwsmhh0000gr/T/playwright-java-12462135675554687972/package/lib/server/dispatchers/frameDispatcher.js:158:30)
    at DispatcherConnection.dispatch (/private/var/folders/70/x874lf6n7cx_4tkvkkcwsmhh0000gr/T/playwright-java-12462135675554687972/package/lib/server/dispatchers/dispatcher.js:317:46)
}
	at com.qa.BDO.Test.BDO_Login_Testcases.VerifyLoginCredentials(BDO_Login_Testcases.java:34)
</failure>
  </testcase>
  <testcase name="LoginAttemptExhausted" classname="com.qa.BDO.Test.BDO_Login_Testcases" time="30.009">
    <failure message="Error {&#10;  message=&apos;Timeout 30000ms exceeded.&#10;=========================== logs ===========================&#10;waiting for locator(&quot;input#username&quot;)&#10;============================================================&#10;  name=&apos;TimeoutError&#10;  stack=&apos;TimeoutError: Timeout 30000ms exceeded.&#10;=========================== logs ===========================&#10;waiting for locator(&quot;input#username&quot;)&#10;============================================================&#10;    at ProgressController.run (/private/var/folders/70/x874lf6n7cx_4tkvkkcwsmhh0000gr/T/playwright-java-12462135675554687972/package/lib/server/progress.js:88:26)&#10;    at Frame.fill (/private/var/folders/70/x874lf6n7cx_4tkvkkcwsmhh0000gr/T/playwright-java-12462135675554687972/package/lib/server/frames.js:988:23)&#10;    at FrameDispatcher.fill (/private/var/folders/70/x874lf6n7cx_4tkvkkcwsmhh0000gr/T/playwright-java-12462135675554687972/package/lib/server/dispatchers/frameDispatcher.js:158:30)&#10;    at DispatcherConnection.dispatch (/private/var/folders/70/x874lf6n7cx_4tkvkkcwsmhh0000gr/T/playwright-java-12462135675554687972/package/lib/server/dispatchers/dispatcher.js:317:46)&#10;}" type="com.microsoft.playwright.TimeoutError">com.microsoft.playwright.TimeoutError: 
Error {
  message='Timeout 30000ms exceeded.
=========================== logs ===========================
waiting for locator("input#username")
============================================================
  name='TimeoutError
  stack='TimeoutError: Timeout 30000ms exceeded.
=========================== logs ===========================
waiting for locator("input#username")
============================================================
    at ProgressController.run (/private/var/folders/70/x874lf6n7cx_4tkvkkcwsmhh0000gr/T/playwright-java-12462135675554687972/package/lib/server/progress.js:88:26)
    at Frame.fill (/private/var/folders/70/x874lf6n7cx_4tkvkkcwsmhh0000gr/T/playwright-java-12462135675554687972/package/lib/server/frames.js:988:23)
    at FrameDispatcher.fill (/private/var/folders/70/x874lf6n7cx_4tkvkkcwsmhh0000gr/T/playwright-java-12462135675554687972/package/lib/server/dispatchers/frameDispatcher.js:158:30)
    at DispatcherConnection.dispatch (/private/var/folders/70/x874lf6n7cx_4tkvkkcwsmhh0000gr/T/playwright-java-12462135675554687972/package/lib/server/dispatchers/dispatcher.js:317:46)
}
	at com.qa.BDO.Test.BDO_Login_Testcases.LoginAttemptExhausted(BDO_Login_Testcases.java:21)
Caused by: com.microsoft.playwright.TimeoutError: 
Error {
  message='Timeout 30000ms exceeded.
=========================== logs ===========================
waiting for locator("input#username")
============================================================
  name='TimeoutError
  stack='TimeoutError: Timeout 30000ms exceeded.
=========================== logs ===========================
waiting for locator("input#username")
============================================================
    at ProgressController.run (/private/var/folders/70/x874lf6n7cx_4tkvkkcwsmhh0000gr/T/playwright-java-12462135675554687972/package/lib/server/progress.js:88:26)
    at Frame.fill (/private/var/folders/70/x874lf6n7cx_4tkvkkcwsmhh0000gr/T/playwright-java-12462135675554687972/package/lib/server/frames.js:988:23)
    at FrameDispatcher.fill (/private/var/folders/70/x874lf6n7cx_4tkvkkcwsmhh0000gr/T/playwright-java-12462135675554687972/package/lib/server/dispatchers/frameDispatcher.js:158:30)
    at DispatcherConnection.dispatch (/private/var/folders/70/x874lf6n7cx_4tkvkkcwsmhh0000gr/T/playwright-java-12462135675554687972/package/lib/server/dispatchers/dispatcher.js:317:46)
}
	at com.qa.BDO.Test.BDO_Login_Testcases.LoginAttemptExhausted(BDO_Login_Testcases.java:21)
</failure>
  </testcase>
  <testcase name="VaildateSuccessfullogin" classname="com.qa.BDO.Test.BDO_Login_Testcases" time="30.009">
    <failure message="Error {&#10;  message=&apos;Timeout 30000ms exceeded.&#10;=========================== logs ===========================&#10;waiting for locator(&quot;input#username&quot;)&#10;============================================================&#10;  name=&apos;TimeoutError&#10;  stack=&apos;TimeoutError: Timeout 30000ms exceeded.&#10;=========================== logs ===========================&#10;waiting for locator(&quot;input#username&quot;)&#10;============================================================&#10;    at ProgressController.run (/private/var/folders/70/x874lf6n7cx_4tkvkkcwsmhh0000gr/T/playwright-java-12462135675554687972/package/lib/server/progress.js:88:26)&#10;    at Frame.fill (/private/var/folders/70/x874lf6n7cx_4tkvkkcwsmhh0000gr/T/playwright-java-12462135675554687972/package/lib/server/frames.js:988:23)&#10;    at FrameDispatcher.fill (/private/var/folders/70/x874lf6n7cx_4tkvkkcwsmhh0000gr/T/playwright-java-12462135675554687972/package/lib/server/dispatchers/frameDispatcher.js:158:30)&#10;    at DispatcherConnection.dispatch (/private/var/folders/70/x874lf6n7cx_4tkvkkcwsmhh0000gr/T/playwright-java-12462135675554687972/package/lib/server/dispatchers/dispatcher.js:317:46)&#10;}" type="com.microsoft.playwright.TimeoutError">com.microsoft.playwright.TimeoutError: 
Error {
  message='Timeout 30000ms exceeded.
=========================== logs ===========================
waiting for locator("input#username")
============================================================
  name='TimeoutError
  stack='TimeoutError: Timeout 30000ms exceeded.
=========================== logs ===========================
waiting for locator("input#username")
============================================================
    at ProgressController.run (/private/var/folders/70/x874lf6n7cx_4tkvkkcwsmhh0000gr/T/playwright-java-12462135675554687972/package/lib/server/progress.js:88:26)
    at Frame.fill (/private/var/folders/70/x874lf6n7cx_4tkvkkcwsmhh0000gr/T/playwright-java-12462135675554687972/package/lib/server/frames.js:988:23)
    at FrameDispatcher.fill (/private/var/folders/70/x874lf6n7cx_4tkvkkcwsmhh0000gr/T/playwright-java-12462135675554687972/package/lib/server/dispatchers/frameDispatcher.js:158:30)
    at DispatcherConnection.dispatch (/private/var/folders/70/x874lf6n7cx_4tkvkkcwsmhh0000gr/T/playwright-java-12462135675554687972/package/lib/server/dispatchers/dispatcher.js:317:46)
}
	at com.qa.BDO.Test.BDO_Login_Testcases.VaildateSuccessfullogin(BDO_Login_Testcases.java:100)
Caused by: com.microsoft.playwright.TimeoutError: 
Error {
  message='Timeout 30000ms exceeded.
=========================== logs ===========================
waiting for locator("input#username")
============================================================
  name='TimeoutError
  stack='TimeoutError: Timeout 30000ms exceeded.
=========================== logs ===========================
waiting for locator("input#username")
============================================================
    at ProgressController.run (/private/var/folders/70/x874lf6n7cx_4tkvkkcwsmhh0000gr/T/playwright-java-12462135675554687972/package/lib/server/progress.js:88:26)
    at Frame.fill (/private/var/folders/70/x874lf6n7cx_4tkvkkcwsmhh0000gr/T/playwright-java-12462135675554687972/package/lib/server/frames.js:988:23)
    at FrameDispatcher.fill (/private/var/folders/70/x874lf6n7cx_4tkvkkcwsmhh0000gr/T/playwright-java-12462135675554687972/package/lib/server/dispatchers/frameDispatcher.js:158:30)
    at DispatcherConnection.dispatch (/private/var/folders/70/x874lf6n7cx_4tkvkkcwsmhh0000gr/T/playwright-java-12462135675554687972/package/lib/server/dispatchers/dispatcher.js:317:46)
}
	at com.qa.BDO.Test.BDO_Login_Testcases.VaildateSuccessfullogin(BDO_Login_Testcases.java:100)
</failure>
    <system-out><![CDATA[
TC:06 The expected Username on successful login attempt:

]]></system-out>
  </testcase>
  <testcase name="NavigateToUpdateProfilePage" classname="com.qa.BDO.Test.BDO_AccountSummary_Testcases" time="30.007">
    <failure message="Error {&#10;  message=&apos;Timeout 30000ms exceeded.&#10;=========================== logs ===========================&#10;waiting for locator(&quot;input#username&quot;)&#10;============================================================&#10;  name=&apos;TimeoutError&#10;  stack=&apos;TimeoutError: Timeout 30000ms exceeded.&#10;=========================== logs ===========================&#10;waiting for locator(&quot;input#username&quot;)&#10;============================================================&#10;    at ProgressController.run (/private/var/folders/70/x874lf6n7cx_4tkvkkcwsmhh0000gr/T/playwright-java-12462135675554687972/package/lib/server/progress.js:88:26)&#10;    at Frame.fill (/private/var/folders/70/x874lf6n7cx_4tkvkkcwsmhh0000gr/T/playwright-java-12462135675554687972/package/lib/server/frames.js:988:23)&#10;    at FrameDispatcher.fill (/private/var/folders/70/x874lf6n7cx_4tkvkkcwsmhh0000gr/T/playwright-java-12462135675554687972/package/lib/server/dispatchers/frameDispatcher.js:158:30)&#10;    at DispatcherConnection.dispatch (/private/var/folders/70/x874lf6n7cx_4tkvkkcwsmhh0000gr/T/playwright-java-12462135675554687972/package/lib/server/dispatchers/dispatcher.js:317:46)&#10;}" type="com.microsoft.playwright.TimeoutError">com.microsoft.playwright.TimeoutError: 
Error {
  message='Timeout 30000ms exceeded.
=========================== logs ===========================
waiting for locator("input#username")
============================================================
  name='TimeoutError
  stack='TimeoutError: Timeout 30000ms exceeded.
=========================== logs ===========================
waiting for locator("input#username")
============================================================
    at ProgressController.run (/private/var/folders/70/x874lf6n7cx_4tkvkkcwsmhh0000gr/T/playwright-java-12462135675554687972/package/lib/server/progress.js:88:26)
    at Frame.fill (/private/var/folders/70/x874lf6n7cx_4tkvkkcwsmhh0000gr/T/playwright-java-12462135675554687972/package/lib/server/frames.js:988:23)
    at FrameDispatcher.fill (/private/var/folders/70/x874lf6n7cx_4tkvkkcwsmhh0000gr/T/playwright-java-12462135675554687972/package/lib/server/dispatchers/frameDispatcher.js:158:30)
    at DispatcherConnection.dispatch (/private/var/folders/70/x874lf6n7cx_4tkvkkcwsmhh0000gr/T/playwright-java-12462135675554687972/package/lib/server/dispatchers/dispatcher.js:317:46)
}
	at com.qa.BDO.Test.BDO_AccountSummary_Testcases.NavigateToUpdateProfilePage(BDO_AccountSummary_Testcases.java:14)
Caused by: com.microsoft.playwright.TimeoutError: 
Error {
  message='Timeout 30000ms exceeded.
=========================== logs ===========================
waiting for locator("input#username")
============================================================
  name='TimeoutError
  stack='TimeoutError: Timeout 30000ms exceeded.
=========================== logs ===========================
waiting for locator("input#username")
============================================================
    at ProgressController.run (/private/var/folders/70/x874lf6n7cx_4tkvkkcwsmhh0000gr/T/playwright-java-12462135675554687972/package/lib/server/progress.js:88:26)
    at Frame.fill (/private/var/folders/70/x874lf6n7cx_4tkvkkcwsmhh0000gr/T/playwright-java-12462135675554687972/package/lib/server/frames.js:988:23)
    at FrameDispatcher.fill (/private/var/folders/70/x874lf6n7cx_4tkvkkcwsmhh0000gr/T/playwright-java-12462135675554687972/package/lib/server/dispatchers/frameDispatcher.js:158:30)
    at DispatcherConnection.dispatch (/private/var/folders/70/x874lf6n7cx_4tkvkkcwsmhh0000gr/T/playwright-java-12462135675554687972/package/lib/server/dispatchers/dispatcher.js:317:46)
}
	at com.qa.BDO.Test.BDO_AccountSummary_Testcases.NavigateToUpdateProfilePage(BDO_AccountSummary_Testcases.java:14)
</failure>
    <system-out><![CDATA[The browser name is:headless

TC:01 Verify the UI of More Tab:

]]></system-out>
  </testcase>
  <testcase name="NavigateToManageProfile" classname="com.qa.BDO.Test.BDO_ManageProfile_Testcases" time="30.007">
    <failure message="Error {&#10;  message=&apos;Timeout 30000ms exceeded.&#10;=========================== logs ===========================&#10;waiting for locator(&quot;input#username&quot;)&#10;============================================================&#10;  name=&apos;TimeoutError&#10;  stack=&apos;TimeoutError: Timeout 30000ms exceeded.&#10;=========================== logs ===========================&#10;waiting for locator(&quot;input#username&quot;)&#10;============================================================&#10;    at ProgressController.run (/private/var/folders/70/x874lf6n7cx_4tkvkkcwsmhh0000gr/T/playwright-java-12462135675554687972/package/lib/server/progress.js:88:26)&#10;    at Frame.fill (/private/var/folders/70/x874lf6n7cx_4tkvkkcwsmhh0000gr/T/playwright-java-12462135675554687972/package/lib/server/frames.js:988:23)&#10;    at FrameDispatcher.fill (/private/var/folders/70/x874lf6n7cx_4tkvkkcwsmhh0000gr/T/playwright-java-12462135675554687972/package/lib/server/dispatchers/frameDispatcher.js:158:30)&#10;    at DispatcherConnection.dispatch (/private/var/folders/70/x874lf6n7cx_4tkvkkcwsmhh0000gr/T/playwright-java-12462135675554687972/package/lib/server/dispatchers/dispatcher.js:317:46)&#10;}" type="com.microsoft.playwright.TimeoutError">com.microsoft.playwright.TimeoutError: 
Error {
  message='Timeout 30000ms exceeded.
=========================== logs ===========================
waiting for locator("input#username")
============================================================
  name='TimeoutError
  stack='TimeoutError: Timeout 30000ms exceeded.
=========================== logs ===========================
waiting for locator("input#username")
============================================================
    at ProgressController.run (/private/var/folders/70/x874lf6n7cx_4tkvkkcwsmhh0000gr/T/playwright-java-12462135675554687972/package/lib/server/progress.js:88:26)
    at Frame.fill (/private/var/folders/70/x874lf6n7cx_4tkvkkcwsmhh0000gr/T/playwright-java-12462135675554687972/package/lib/server/frames.js:988:23)
    at FrameDispatcher.fill (/private/var/folders/70/x874lf6n7cx_4tkvkkcwsmhh0000gr/T/playwright-java-12462135675554687972/package/lib/server/dispatchers/frameDispatcher.js:158:30)
    at DispatcherConnection.dispatch (/private/var/folders/70/x874lf6n7cx_4tkvkkcwsmhh0000gr/T/playwright-java-12462135675554687972/package/lib/server/dispatchers/dispatcher.js:317:46)
}
	at com.qa.BDO.Test.BDO_ManageProfile_Testcases.NavigateToManageProfile(BDO_ManageProfile_Testcases.java:19)
Caused by: com.microsoft.playwright.TimeoutError: 
Error {
  message='Timeout 30000ms exceeded.
=========================== logs ===========================
waiting for locator("input#username")
============================================================
  name='TimeoutError
  stack='TimeoutError: Timeout 30000ms exceeded.
=========================== logs ===========================
waiting for locator("input#username")
============================================================
    at ProgressController.run (/private/var/folders/70/x874lf6n7cx_4tkvkkcwsmhh0000gr/T/playwright-java-12462135675554687972/package/lib/server/progress.js:88:26)
    at Frame.fill (/private/var/folders/70/x874lf6n7cx_4tkvkkcwsmhh0000gr/T/playwright-java-12462135675554687972/package/lib/server/frames.js:988:23)
    at FrameDispatcher.fill (/private/var/folders/70/x874lf6n7cx_4tkvkkcwsmhh0000gr/T/playwright-java-12462135675554687972/package/lib/server/dispatchers/frameDispatcher.js:158:30)
    at DispatcherConnection.dispatch (/private/var/folders/70/x874lf6n7cx_4tkvkkcwsmhh0000gr/T/playwright-java-12462135675554687972/package/lib/server/dispatchers/dispatcher.js:317:46)
}
	at com.qa.BDO.Test.BDO_ManageProfile_Testcases.NavigateToManageProfile(BDO_ManageProfile_Testcases.java:19)
</failure>
    <system-out><![CDATA[The browser name is:headless

TC:01 Verify the UI of More Tab:

]]></system-out>
  </testcase>
  <testcase name="Verify_Cancel_UpdateMobile" classname="com.qa.BDO.Test.BDO_ManageProfile_Testcases" time="0.007">
    <failure message="Cannot invoke &quot;com.qa.BDO.pages.BDO_ManageProfile.VerifyCancel_Mobile()&quot; because &quot;this.profile&quot; is null" type="java.lang.NullPointerException">java.lang.NullPointerException: Cannot invoke "com.qa.BDO.pages.BDO_ManageProfile.VerifyCancel_Mobile()" because "this.profile" is null
	at com.qa.BDO.Test.BDO_ManageProfile_Testcases.Verify_Cancel_UpdateMobile(BDO_ManageProfile_Testcases.java:46)
</failure>
    <system-out><![CDATA[
TC:03 Verify the Cancel of Mobile Number update:

]]></system-out>
  </testcase>
  <testcase name="Verify_Cancel_UpdateEmail" classname="com.qa.BDO.Test.BDO_ManageProfile_Testcases" time="0.003">
    <failure message="Cannot invoke &quot;com.qa.BDO.pages.BDO_ManageProfile.VerifyCancel_Email()&quot; because &quot;this.profile&quot; is null" type="java.lang.NullPointerException">java.lang.NullPointerException: Cannot invoke "com.qa.BDO.pages.BDO_ManageProfile.VerifyCancel_Email()" because "this.profile" is null
	at com.qa.BDO.Test.BDO_ManageProfile_Testcases.Verify_Cancel_UpdateEmail(BDO_ManageProfile_Testcases.java:55)
</failure>
    <system-out><![CDATA[
TC:04 Verify the Cancel of Email Address update:

]]></system-out>
  </testcase>
  <testcase name="Verify_function_of_Cancel_pop" classname="com.qa.BDO.Test.BDO_ManageProfile_Testcases" time="0.002">
    <failure message="Cannot invoke &quot;com.qa.BDO.pages.BDO_ManageProfile.VerifyCancel_Email_popup_appears()&quot; because &quot;this.profile&quot; is null" type="java.lang.NullPointerException">java.lang.NullPointerException: Cannot invoke "com.qa.BDO.pages.BDO_ManageProfile.VerifyCancel_Email_popup_appears()" because "this.profile" is null
	at com.qa.BDO.Test.BDO_ManageProfile_Testcases.Verify_function_of_Cancel_pop(BDO_ManageProfile_Testcases.java:62)
</failure>
    <system-out><![CDATA[
TC:06 Verify the Cancel pop up appears for Email Address:

]]></system-out>
  </testcase>
  <testcase name="Reset_User_profile_details" classname="com.qa.BDO.Test.BDO_ManageProfile_Testcases" time="2.197"/>
</testsuite>